<?xml version="1.0" encoding="UTF-8"?>
<!-- Generated by org.testng.reporters.JUnitXMLReporter -->
<testsuite hostname="QKNBK1888" ignored="0" name="SAMSUNG_GalaxyM30s_Android_10.0.0_79c03" tests="2" failures="0" timestamp="2021-08-20T11:31:30 IST" time="0.084" errors="0">
  <testcase name="@BeforeClass startDriver" time="-1.629439290685E9" classname="com.qkm1.test.Sample">
    <failure type="org.testng.TestNGException" message="
Method startDriver requires 1 parameters but 3 were supplied in the BeforeClass annotation.">
      <![CDATA[org.testng.TestNGException: 
Method startDriver requires 1 parameters but 3 were supplied in the BeforeClass annotation.
at java.util.ArrayList.forEach(ArrayList.java:1257)
at java.util.concurrent.FutureTask.run(FutureTask.java:266)
at java.util.concurrent.ThreadPoolExecutor.runWorker(ThreadPoolExecutor.java:1149)
at java.util.concurrent.ThreadPoolExecutor$Worker.run(ThreadPoolExecutor.java:624)
at java.lang.Thread.run(Thread.java:748)
... Removed 13 stack frames]]>
    </failure>
  </testcase> <!-- @BeforeClass startDriver -->
  <testcase name="@AfterClass quitDriver" time="-1.629439290742E9" classname="com.qkm1.test.Sample">
    <skipped/>
  </testcase> <!-- @AfterClass quitDriver -->
  <testcase name="test_01" time="0.0" classname="com.qkm1.test.Sample">
    <skipped/>
  </testcase> <!-- test_01 -->
  <testcase name="test_01" time="0.0" classname="com.qkm1.test.Sample">
    <skipped/>
  </testcase> <!-- test_01 -->
</testsuite> <!-- SAMSUNG_GalaxyM30s_Android_10.0.0_79c03 -->
